<?xml version="1.0" encoding="UTF-8"?>
<!-- Generated by org.testng.reporters.JUnitXMLReporter -->
<testsuite hostname="LAPTOP-B1VDJO44" ignored="0" name="BankingApp Test" tests="6" failures="3" timestamp="29 Dec 2019 15:41:34 GMT" time="117.628" errors="0">
  <testcase name="logintest" time="4.794" classname="com.inetbanking.TestCases.TC_logintest"/>
  <testcase name="loginDDT" time="12.676" classname="com.inetbanking.TestCases.TC_loginDDT_002"/>
  <testcase name="loginDDT" time="5.579" classname="com.inetbanking.TestCases.TC_loginDDT_002">
    <failure type="java.lang.AssertionError" message="expected [true] but found [false]">
      <![CDATA[java.lang.AssertionError: expected [true] but found [false]
at com.inetbanking.TestCases.TC_loginDDT_002.loginDDT(TC_loginDDT_002.java:27)
... Removed 32 stack frames]]>
    </failure>
  </testcase> <!-- loginDDT -->
  <testcase name="loginDDT" time="5.849" classname="com.inetbanking.TestCases.TC_loginDDT_002">
    <failure type="java.lang.AssertionError" message="expected [true] but found [false]">
      <![CDATA[java.lang.AssertionError: expected [true] but found [false]
at com.inetbanking.TestCases.TC_loginDDT_002.loginDDT(TC_loginDDT_002.java:27)
... Removed 32 stack frames]]>
    </failure>
  </testcase> <!-- loginDDT -->
  <testcase name="loginDDT" time="6.553" classname="com.inetbanking.TestCases.TC_loginDDT_002">
    <failure type="java.lang.AssertionError" message="expected [true] but found [false]">
      <![CDATA[java.lang.AssertionError: expected [true] but found [false]
at com.inetbanking.TestCases.TC_loginDDT_002.loginDDT(TC_loginDDT_002.java:27)
... Removed 32 stack frames]]>
    </failure>
  </testcase> <!-- loginDDT -->
  <testcase name="addnewcustomer" time="15.947" classname="com.inetbanking.TestCases.TC_addcustomertest"/>
</testsuite> <!-- BankingApp Test -->
